{"D:\\кпішка\\3 курс\\веб\\it-courses\\it-courses\\it-courses\\server\\app.js": {"path":"D:\\кпішка\\3 курс\\веб\\it-courses\\it-courses\\it-courses\\server\\app.js","statementMap":{"0":{"start":{"line":1,"column":16},"end":{"line":1,"column":34}},"1":{"start":{"line":2,"column":13},"end":{"line":2,"column":28}},"2":{"start":{"line":3,"column":11},"end":{"line":3,"column":24}},"3":{"start":{"line":4,"column":25},"end":{"line":4,"column":55}},"4":{"start":{"line":7,"column":14},"end":{"line":7,"column":28}},"5":{"start":{"line":8,"column":26},"end":{"line":8,"column":40}},"6":{"start":{"line":10,"column":2},"end":{"line":18,"column":4}},"7":{"start":{"line":11,"column":4},"end":{"line":16,"column":5}},"8":{"start":{"line":12,"column":27},"end":{"line":12,"column":60}},"9":{"start":{"line":13,"column":6},"end":{"line":15,"column":7}},"10":{"start":{"line":14,"column":8},"end":{"line":14,"column":54}},"11":{"start":{"line":17,"column":4},"end":{"line":17,"column":37}},"12":{"start":{"line":22,"column":17},"end":{"line":22,"column":46}},"13":{"start":{"line":23,"column":13},"end":{"line":23,"column":57}},"14":{"start":{"line":24,"column":2},"end":{"line":24,"column":26}},"15":{"start":{"line":28,"column":18},"end":{"line":28,"column":63}},"16":{"start":{"line":29,"column":20},"end":{"line":29,"column":47}},"17":{"start":{"line":31,"column":14},"end":{"line":31,"column":23}},"18":{"start":{"line":33,"column":2},"end":{"line":33,"column":32}},"19":{"start":{"line":34,"column":2},"end":{"line":34,"column":30}},"20":{"start":{"line":35,"column":2},"end":{"line":35,"column":34}},"21":{"start":{"line":37,"column":2},"end":{"line":37,"column":56}},"22":{"start":{"line":38,"column":2},"end":{"line":38,"column":26}},"23":{"start":{"line":39,"column":2},"end":{"line":39,"column":50}},"24":{"start":{"line":41,"column":2},"end":{"line":41,"column":30}},"25":{"start":{"line":43,"column":2},"end":{"line":43,"column":13}},"26":{"start":{"line":46,"column":0},"end":{"line":46,"column":50}}},"fnMap":{"0":{"name":"configureEjsIncludes","decl":{"start":{"line":6,"column":9},"end":{"line":6,"column":29}},"loc":{"start":{"line":6,"column":41},"end":{"line":19,"column":1}},"line":6},"1":{"name":"fileLoader","decl":{"start":{"line":10,"column":28},"end":{"line":10,"column":38}},"loc":{"start":{"line":10,"column":49},"end":{"line":18,"column":3}},"line":10},"2":{"name":"loadCoursesFromDb","decl":{"start":{"line":21,"column":9},"end":{"line":21,"column":26}},"loc":{"start":{"line":21,"column":36},"end":{"line":25,"column":1}},"line":21},"3":{"name":"createApp","decl":{"start":{"line":27,"column":9},"end":{"line":27,"column":18}},"loc":{"start":{"line":27,"column":33},"end":{"line":44,"column":1}},"line":27}},"branchMap":{"0":{"loc":{"start":{"line":11,"column":4},"end":{"line":16,"column":5}},"type":"if","locations":[{"start":{"line":11,"column":4},"end":{"line":16,"column":5}},{"start":{},"end":{}}],"line":11},"1":{"loc":{"start":{"line":11,"column":8},"end":{"line":11,"column":63}},"type":"binary-expr","locations":[{"start":{"line":11,"column":8},"end":{"line":11,"column":33}},{"start":{"line":11,"column":37},"end":{"line":11,"column":63}}],"line":11},"2":{"loc":{"start":{"line":13,"column":6},"end":{"line":15,"column":7}},"type":"if","locations":[{"start":{"line":13,"column":6},"end":{"line":15,"column":7}},{"start":{},"end":{}}],"line":13},"3":{"loc":{"start":{"line":24,"column":9},"end":{"line":24,"column":25}},"type":"binary-expr","locations":[{"start":{"line":24,"column":9},"end":{"line":24,"column":19}},{"start":{"line":24,"column":23},"end":{"line":24,"column":25}}],"line":24},"4":{"loc":{"start":{"line":27,"column":19},"end":{"line":27,"column":31}},"type":"default-arg","locations":[{"start":{"line":27,"column":29},"end":{"line":27,"column":31}}],"line":27},"5":{"loc":{"start":{"line":28,"column":18},"end":{"line":28,"column":63}},"type":"binary-expr","locations":[{"start":{"line":28,"column":18},"end":{"line":28,"column":33}},{"start":{"line":28,"column":37},"end":{"line":28,"column":63}}],"line":28}},"s":{"0":2,"1":2,"2":2,"3":2,"4":5,"5":5,"6":5,"7":30,"8":0,"9":0,"10":0,"11":30,"12":0,"13":0,"14":0,"15":5,"16":5,"17":5,"18":5,"19":5,"20":5,"21":5,"22":5,"23":5,"24":5,"25":5,"26":2},"f":{"0":5,"1":30,"2":0,"3":5},"b":{"0":[0,30],"1":[30,30],"2":[0,0],"3":[0,0],"4":[5],"5":[5,5]},"_coverageSchema":"1a1c01bbd47fc00a2c39e90264f33305004495a9","hash":"1934cf9bbdc4775a2d8ee39dc74eb7bd67bd1c52"}
,"D:\\кпішка\\3 курс\\веб\\it-courses\\it-courses\\it-courses\\server\\middleware\\validateCourseId.js": {"path":"D:\\кпішка\\3 курс\\веб\\it-courses\\it-courses\\it-courses\\server\\middleware\\validateCourseId.js","statementMap":{"0":{"start":{"line":2,"column":2},"end":{"line":2,"column":34}},"1":{"start":{"line":6,"column":2},"end":{"line":8,"column":3}},"2":{"start":{"line":7,"column":4},"end":{"line":7,"column":53}},"3":{"start":{"line":9,"column":2},"end":{"line":9,"column":16}},"4":{"start":{"line":12,"column":0},"end":{"line":15,"column":2}}},"fnMap":{"0":{"name":"isValidCourseId","decl":{"start":{"line":1,"column":9},"end":{"line":1,"column":24}},"loc":{"start":{"line":1,"column":29},"end":{"line":3,"column":1}},"line":1},"1":{"name":"validateCourseIdParam","decl":{"start":{"line":5,"column":9},"end":{"line":5,"column":30}},"loc":{"start":{"line":5,"column":47},"end":{"line":10,"column":1}},"line":5}},"branchMap":{"0":{"loc":{"start":{"line":6,"column":2},"end":{"line":8,"column":3}},"type":"if","locations":[{"start":{"line":6,"column":2},"end":{"line":8,"column":3}},{"start":{},"end":{}}],"line":6}},"s":{"0":8,"1":3,"2":2,"3":1,"4":3},"f":{"0":8,"1":3},"b":{"0":[2,1]},"_coverageSchema":"1a1c01bbd47fc00a2c39e90264f33305004495a9","hash":"d02f126f56f3a4c266363dd364510621064746df"}
,"D:\\кпішка\\3 курс\\веб\\it-courses\\it-courses\\it-courses\\server\\routes\\pageRoutes.js": {"path":"D:\\кпішка\\3 курс\\веб\\it-courses\\it-courses\\it-courses\\server\\routes\\pageRoutes.js","statementMap":{"0":{"start":{"line":1,"column":16},"end":{"line":1,"column":34}},"1":{"start":{"line":2,"column":34},"end":{"line":2,"column":75}},"2":{"start":{"line":5,"column":17},"end":{"line":5,"column":33}},"3":{"start":{"line":7,"column":2},"end":{"line":12,"column":5}},"4":{"start":{"line":8,"column":4},"end":{"line":11,"column":7}},"5":{"start":{"line":14,"column":2},"end":{"line":19,"column":5}},"6":{"start":{"line":15,"column":4},"end":{"line":18,"column":7}},"7":{"start":{"line":21,"column":2},"end":{"line":27,"column":5}},"8":{"start":{"line":22,"column":4},"end":{"line":26,"column":7}},"9":{"start":{"line":29,"column":2},"end":{"line":34,"column":5}},"10":{"start":{"line":30,"column":4},"end":{"line":33,"column":7}},"11":{"start":{"line":36,"column":2},"end":{"line":41,"column":5}},"12":{"start":{"line":37,"column":4},"end":{"line":40,"column":7}},"13":{"start":{"line":43,"column":2},"end":{"line":43,"column":16}},"14":{"start":{"line":46,"column":0},"end":{"line":46,"column":34}}},"fnMap":{"0":{"name":"createPageRouter","decl":{"start":{"line":4,"column":9},"end":{"line":4,"column":25}},"loc":{"start":{"line":4,"column":28},"end":{"line":44,"column":1}},"line":4},"1":{"name":"(anonymous_1)","decl":{"start":{"line":7,"column":18},"end":{"line":7,"column":19}},"loc":{"start":{"line":7,"column":32},"end":{"line":12,"column":3}},"line":7},"2":{"name":"(anonymous_2)","decl":{"start":{"line":14,"column":25},"end":{"line":14,"column":26}},"loc":{"start":{"line":14,"column":39},"end":{"line":19,"column":3}},"line":14},"3":{"name":"(anonymous_3)","decl":{"start":{"line":21,"column":51},"end":{"line":21,"column":52}},"loc":{"start":{"line":21,"column":65},"end":{"line":27,"column":3}},"line":21},"4":{"name":"(anonymous_4)","decl":{"start":{"line":29,"column":26},"end":{"line":29,"column":27}},"loc":{"start":{"line":29,"column":40},"end":{"line":34,"column":3}},"line":29},"5":{"name":"(anonymous_5)","decl":{"start":{"line":36,"column":27},"end":{"line":36,"column":28}},"loc":{"start":{"line":36,"column":41},"end":{"line":41,"column":3}},"line":36}},"branchMap":{},"s":{"0":2,"1":2,"2":5,"3":5,"4":1,"5":5,"6":1,"7":5,"8":1,"9":5,"10":0,"11":5,"12":0,"13":5,"14":2},"f":{"0":5,"1":1,"2":1,"3":1,"4":0,"5":0},"b":{},"_coverageSchema":"1a1c01bbd47fc00a2c39e90264f33305004495a9","hash":"2231f7043640c3ba1d7da9cfef1c8fbbfedc359e"}
,"D:\\кпішка\\3 курс\\веб\\it-courses\\it-courses\\it-courses\\server\\services\\courseService.js": {"path":"D:\\кпішка\\3 курс\\веб\\it-courses\\it-courses\\it-courses\\server\\services\\courseService.js","statementMap":{"0":{"start":{"line":3,"column":4},"end":{"line":3,"column":27}},"1":{"start":{"line":7,"column":17},"end":{"line":7,"column":34}},"2":{"start":{"line":9,"column":4},"end":{"line":16,"column":5}},"3":{"start":{"line":10,"column":19},"end":{"line":10,"column":47}},"4":{"start":{"line":11,"column":6},"end":{"line":15,"column":8}},"5":{"start":{"line":13,"column":10},"end":{"line":14,"column":57}},"6":{"start":{"line":18,"column":4},"end":{"line":20,"column":5}},"7":{"start":{"line":19,"column":6},"end":{"line":19,"column":79}},"8":{"start":{"line":19,"column":41},"end":{"line":19,"column":77}},"9":{"start":{"line":22,"column":4},"end":{"line":24,"column":5}},"10":{"start":{"line":23,"column":6},"end":{"line":23,"column":54}},"11":{"start":{"line":26,"column":4},"end":{"line":26,"column":18}},"12":{"start":{"line":30,"column":22},"end":{"line":30,"column":32}},"13":{"start":{"line":31,"column":4},"end":{"line":31,"column":74}},"14":{"start":{"line":31,"column":41},"end":{"line":31,"column":64}},"15":{"start":{"line":35,"column":4},"end":{"line":35,"column":73}},"16":{"start":{"line":35,"column":43},"end":{"line":35,"column":71}},"17":{"start":{"line":39,"column":19},"end":{"line":39,"column":31}},"18":{"start":{"line":41,"column":4},"end":{"line":57,"column":5}},"19":{"start":{"line":43,"column":8},"end":{"line":43,"column":62}},"20":{"start":{"line":43,"column":30},"end":{"line":43,"column":60}},"21":{"start":{"line":44,"column":8},"end":{"line":44,"column":14}},"22":{"start":{"line":46,"column":8},"end":{"line":46,"column":49}},"23":{"start":{"line":46,"column":30},"end":{"line":46,"column":47}},"24":{"start":{"line":47,"column":8},"end":{"line":47,"column":14}},"25":{"start":{"line":49,"column":30},"end":{"line":49,"column":73}},"26":{"start":{"line":49,"column":41},"end":{"line":49,"column":73}},"27":{"start":{"line":50,"column":8},"end":{"line":52,"column":10}},"28":{"start":{"line":51,"column":20},"end":{"line":51,"column":73}},"29":{"start":{"line":53,"column":8},"end":{"line":53,"column":14}},"30":{"start":{"line":56,"column":8},"end":{"line":56,"column":14}},"31":{"start":{"line":59,"column":4},"end":{"line":59,"column":18}},"32":{"start":{"line":63,"column":0},"end":{"line":63,"column":31}}},"fnMap":{"0":{"name":"(anonymous_0)","decl":{"start":{"line":2,"column":2},"end":{"line":2,"column":3}},"loc":{"start":{"line":2,"column":28},"end":{"line":4,"column":3}},"line":2},"1":{"name":"(anonymous_1)","decl":{"start":{"line":6,"column":2},"end":{"line":6,"column":3}},"loc":{"start":{"line":6,"column":23},"end":{"line":27,"column":3}},"line":6},"2":{"name":"(anonymous_2)","decl":{"start":{"line":12,"column":8},"end":{"line":12,"column":9}},"loc":{"start":{"line":13,"column":10},"end":{"line":14,"column":57}},"line":13},"3":{"name":"(anonymous_3)","decl":{"start":{"line":19,"column":29},"end":{"line":19,"column":30}},"loc":{"start":{"line":19,"column":41},"end":{"line":19,"column":77}},"line":19},"4":{"name":"(anonymous_4)","decl":{"start":{"line":29,"column":2},"end":{"line":29,"column":3}},"loc":{"start":{"line":29,"column":14},"end":{"line":32,"column":3}},"line":29},"5":{"name":"(anonymous_5)","decl":{"start":{"line":31,"column":29},"end":{"line":31,"column":30}},"loc":{"start":{"line":31,"column":41},"end":{"line":31,"column":64}},"line":31},"6":{"name":"(anonymous_6)","decl":{"start":{"line":34,"column":2},"end":{"line":34,"column":3}},"loc":{"start":{"line":34,"column":26},"end":{"line":36,"column":3}},"line":34},"7":{"name":"(anonymous_7)","decl":{"start":{"line":35,"column":31},"end":{"line":35,"column":32}},"loc":{"start":{"line":35,"column":43},"end":{"line":35,"column":71}},"line":35},"8":{"name":"(anonymous_8)","decl":{"start":{"line":38,"column":2},"end":{"line":38,"column":3}},"loc":{"start":{"line":38,"column":31},"end":{"line":60,"column":3}},"line":38},"9":{"name":"(anonymous_9)","decl":{"start":{"line":43,"column":20},"end":{"line":43,"column":21}},"loc":{"start":{"line":43,"column":30},"end":{"line":43,"column":60}},"line":43},"10":{"name":"(anonymous_10)","decl":{"start":{"line":46,"column":20},"end":{"line":46,"column":21}},"loc":{"start":{"line":46,"column":30},"end":{"line":46,"column":47}},"line":46},"11":{"name":"(anonymous_11)","decl":{"start":{"line":49,"column":30},"end":{"line":49,"column":31}},"loc":{"start":{"line":49,"column":41},"end":{"line":49,"column":73}},"line":49},"12":{"name":"(anonymous_12)","decl":{"start":{"line":51,"column":10},"end":{"line":51,"column":11}},"loc":{"start":{"line":51,"column":20},"end":{"line":51,"column":73}},"line":51}},"branchMap":{"0":{"loc":{"start":{"line":2,"column":14},"end":{"line":2,"column":26}},"type":"default-arg","locations":[{"start":{"line":2,"column":24},"end":{"line":2,"column":26}}],"line":2},"1":{"loc":{"start":{"line":6,"column":9},"end":{"line":6,"column":21}},"type":"default-arg","locations":[{"start":{"line":6,"column":19},"end":{"line":6,"column":21}}],"line":6},"2":{"loc":{"start":{"line":9,"column":4},"end":{"line":16,"column":5}},"type":"if","locations":[{"start":{"line":9,"column":4},"end":{"line":16,"column":5}},{"start":{},"end":{}}],"line":9},"3":{"loc":{"start":{"line":13,"column":10},"end":{"line":14,"column":57}},"type":"binary-expr","locations":[{"start":{"line":13,"column":10},"end":{"line":13,"column":51}},{"start":{"line":14,"column":10},"end":{"line":14,"column":57}}],"line":13},"4":{"loc":{"start":{"line":18,"column":4},"end":{"line":20,"column":5}},"type":"if","locations":[{"start":{"line":18,"column":4},"end":{"line":20,"column":5}},{"start":{},"end":{}}],"line":18},"5":{"loc":{"start":{"line":22,"column":4},"end":{"line":24,"column":5}},"type":"if","locations":[{"start":{"line":22,"column":4},"end":{"line":24,"column":5}},{"start":{},"end":{}}],"line":22},"6":{"loc":{"start":{"line":31,"column":11},"end":{"line":31,"column":73}},"type":"binary-expr","locations":[{"start":{"line":31,"column":11},"end":{"line":31,"column":65}},{"start":{"line":31,"column":69},"end":{"line":31,"column":73}}],"line":31},"7":{"loc":{"start":{"line":41,"column":4},"end":{"line":57,"column":5}},"type":"switch","locations":[{"start":{"line":42,"column":6},"end":{"line":44,"column":14}},{"start":{"line":45,"column":6},"end":{"line":47,"column":14}},{"start":{"line":48,"column":6},"end":{"line":54,"column":7}},{"start":{"line":55,"column":6},"end":{"line":56,"column":14}}],"line":41},"8":{"loc":{"start":{"line":49,"column":41},"end":{"line":49,"column":73}},"type":"binary-expr","locations":[{"start":{"line":49,"column":41},"end":{"line":49,"column":68}},{"start":{"line":49,"column":72},"end":{"line":49,"column":73}}],"line":49}},"s":{"0":8,"1":5,"2":5,"3":1,"4":1,"5":3,"6":5,"7":2,"8":6,"9":5,"10":1,"11":5,"12":2,"13":2,"14":5,"15":1,"16":3,"17":1,"18":1,"19":0,"20":0,"21":0,"22":1,"23":4,"24":1,"25":0,"26":0,"27":0,"28":0,"29":0,"30":0,"31":1,"32":2},"f":{"0":8,"1":5,"2":3,"3":6,"4":2,"5":5,"6":1,"7":3,"8":1,"9":0,"10":4,"11":0,"12":0},"b":{"0":[0],"1":[1],"2":[1,4],"3":[3,2],"4":[2,3],"5":[1,4],"6":[2,1],"7":[0,1,0,0],"8":[0,0]},"_coverageSchema":"1a1c01bbd47fc00a2c39e90264f33305004495a9","hash":"ec79dc651bcdbde57ef4a404bb2952f5d9337580"}
,"D:\\кпішка\\3 курс\\веб\\it-courses\\it-courses\\it-courses\\server\\services\\coursesApiClient.js": {"path":"D:\\кпішка\\3 курс\\веб\\it-courses\\it-courses\\it-courses\\server\\services\\coursesApiClient.js","statementMap":{"0":{"start":{"line":1,"column":14},"end":{"line":1,"column":30}},"1":{"start":{"line":5,"column":4},"end":{"line":9,"column":7}},"2":{"start":{"line":13,"column":21},"end":{"line":13,"column":54}},"3":{"start":{"line":14,"column":4},"end":{"line":14,"column":25}},"4":{"start":{"line":18,"column":21},"end":{"line":18,"column":60}},"5":{"start":{"line":19,"column":4},"end":{"line":19,"column":25}},"6":{"start":{"line":23,"column":0},"end":{"line":23,"column":34}}},"fnMap":{"0":{"name":"(anonymous_0)","decl":{"start":{"line":4,"column":2},"end":{"line":4,"column":3}},"loc":{"start":{"line":4,"column":80},"end":{"line":10,"column":3}},"line":4},"1":{"name":"(anonymous_1)","decl":{"start":{"line":12,"column":2},"end":{"line":12,"column":3}},"loc":{"start":{"line":12,"column":21},"end":{"line":15,"column":3}},"line":12},"2":{"name":"(anonymous_2)","decl":{"start":{"line":17,"column":2},"end":{"line":17,"column":3}},"loc":{"start":{"line":17,"column":26},"end":{"line":20,"column":3}},"line":17}},"branchMap":{"0":{"loc":{"start":{"line":4,"column":14},"end":{"line":4,"column":78}},"type":"default-arg","locations":[{"start":{"line":4,"column":24},"end":{"line":4,"column":78}}],"line":4},"1":{"loc":{"start":{"line":4,"column":24},"end":{"line":4,"column":78}},"type":"binary-expr","locations":[{"start":{"line":4,"column":24},"end":{"line":4,"column":51}},{"start":{"line":4,"column":55},"end":{"line":4,"column":78}}],"line":4}},"s":{"0":4,"1":7,"2":3,"3":3,"4":4,"5":3,"6":4},"f":{"0":7,"1":3,"2":4},"b":{"0":[0],"1":[0,0]},"_coverageSchema":"1a1c01bbd47fc00a2c39e90264f33305004495a9","hash":"c9f33fae2b1fdc58af019d51c8d1520fa32754e1"}
,"D:\\кпішка\\3 курс\\веб\\it-courses\\it-courses\\it-courses\\tests\\fixtures\\courses.js": {"path":"D:\\кпішка\\3 курс\\веб\\it-courses\\it-courses\\it-courses\\tests\\fixtures\\courses.js","statementMap":{"0":{"start":{"line":1,"column":22},"end":{"line":41,"column":1}},"1":{"start":{"line":43,"column":0},"end":{"line":43,"column":35}}},"fnMap":{},"branchMap":{},"s":{"0":5,"1":5},"f":{},"b":{},"_coverageSchema":"1a1c01bbd47fc00a2c39e90264f33305004495a9","hash":"cf859bfb67cfaa806aabe796d62056dc5e9537a6"}
,"D:\\кпішка\\3 курс\\веб\\it-courses\\it-courses\\it-courses\\tests\\helpers\\contractValidator.js": {"path":"D:\\кпішка\\3 курс\\веб\\it-courses\\it-courses\\it-courses\\tests\\helpers\\contractValidator.js","statementMap":{"0":{"start":{"line":1,"column":11},"end":{"line":1,"column":24}},"1":{"start":{"line":2,"column":13},"end":{"line":2,"column":28}},"2":{"start":{"line":3,"column":12},"end":{"line":3,"column":26}},"3":{"start":{"line":4,"column":19},"end":{"line":4,"column":41}},"4":{"start":{"line":6,"column":12},"end":{"line":6,"column":55}},"5":{"start":{"line":7,"column":0},"end":{"line":7,"column":16}},"6":{"start":{"line":10,"column":21},"end":{"line":17,"column":3}},"7":{"start":{"line":18,"column":17},"end":{"line":18,"column":65}},"8":{"start":{"line":19,"column":2},"end":{"line":19,"column":29}},"9":{"start":{"line":22,"column":0},"end":{"line":25,"column":2}}},"fnMap":{"0":{"name":"loadSchema","decl":{"start":{"line":9,"column":9},"end":{"line":9,"column":19}},"loc":{"start":{"line":9,"column":36},"end":{"line":20,"column":1}},"line":9}},"branchMap":{},"s":{"0":2,"1":2,"2":2,"3":2,"4":2,"5":2,"6":4,"7":4,"8":4,"9":2},"f":{"0":4},"b":{},"_coverageSchema":"1a1c01bbd47fc00a2c39e90264f33305004495a9","hash":"e5ebf1c90a052857c71f8cde1b67bb65eef46ca5"}
}
