TN:
SF:it-courses\server\app.js
FN:6,configureEjsIncludes
FN:10,fileLoader
FN:21,loadCoursesFromDb
FN:27,createApp
FNF:4
FNH:3
FNDA:5,configureEjsIncludes
FNDA:30,fileLoader
FNDA:0,loadCoursesFromDb
FNDA:5,createApp
DA:1,2
DA:2,2
DA:3,2
DA:4,2
DA:7,5
DA:8,5
DA:10,5
DA:11,30
DA:12,0
DA:13,0
DA:14,0
DA:17,30
DA:22,0
DA:23,0
DA:24,0
DA:28,5
DA:29,5
DA:31,5
DA:33,5
DA:34,5
DA:35,5
DA:37,5
DA:38,5
DA:39,5
DA:41,5
DA:43,5
DA:46,2
LF:27
LH:21
BRDA:11,0,0,0
BRDA:11,0,1,30
BRDA:11,1,0,30
BRDA:11,1,1,30
BRDA:13,2,0,0
BRDA:13,2,1,0
BRDA:24,3,0,0
BRDA:24,3,1,0
BRDA:27,4,0,5
BRDA:28,5,0,5
BRDA:28,5,1,5
BRF:11
BRH:6
end_of_record
TN:
SF:it-courses\server\middleware\validateCourseId.js
FN:1,isValidCourseId
FN:5,validateCourseIdParam
FNF:2
FNH:2
FNDA:8,isValidCourseId
FNDA:3,validateCourseIdParam
DA:2,8
DA:6,3
DA:7,2
DA:9,1
DA:12,3
LF:5
LH:5
BRDA:6,0,0,2
BRDA:6,0,1,1
BRF:2
BRH:2
end_of_record
TN:
SF:it-courses\server\routes\pageRoutes.js
FN:4,createPageRouter
FN:7,(anonymous_1)
FN:14,(anonymous_2)
FN:21,(anonymous_3)
FN:29,(anonymous_4)
FN:36,(anonymous_5)
FNF:6
FNH:4
FNDA:5,createPageRouter
FNDA:1,(anonymous_1)
FNDA:1,(anonymous_2)
FNDA:1,(anonymous_3)
FNDA:0,(anonymous_4)
FNDA:0,(anonymous_5)
DA:1,2
DA:2,2
DA:5,5
DA:7,5
DA:8,1
DA:14,5
DA:15,1
DA:21,5
DA:22,1
DA:29,5
DA:30,0
DA:36,5
DA:37,0
DA:43,5
DA:46,2
LF:15
LH:13
BRF:0
BRH:0
end_of_record
TN:
SF:it-courses\server\services\courseService.js
FN:2,(anonymous_0)
FN:6,(anonymous_1)
FN:12,(anonymous_2)
FN:19,(anonymous_3)
FN:29,(anonymous_4)
FN:31,(anonymous_5)
FN:34,(anonymous_6)
FN:35,(anonymous_7)
FN:38,(anonymous_8)
FN:43,(anonymous_9)
FN:46,(anonymous_10)
FN:49,(anonymous_11)
FN:51,(anonymous_12)
FNF:13
FNH:10
FNDA:8,(anonymous_0)
FNDA:5,(anonymous_1)
FNDA:3,(anonymous_2)
FNDA:6,(anonymous_3)
FNDA:2,(anonymous_4)
FNDA:5,(anonymous_5)
FNDA:1,(anonymous_6)
FNDA:3,(anonymous_7)
FNDA:1,(anonymous_8)
FNDA:0,(anonymous_9)
FNDA:4,(anonymous_10)
FNDA:0,(anonymous_11)
FNDA:0,(anonymous_12)
DA:3,8
DA:7,5
DA:9,5
DA:10,1
DA:11,1
DA:13,3
DA:18,5
DA:19,6
DA:22,5
DA:23,1
DA:26,5
DA:30,2
DA:31,5
DA:35,3
DA:39,1
DA:41,1
DA:43,0
DA:44,0
DA:46,4
DA:47,1
DA:49,0
DA:50,0
DA:51,0
DA:53,0
DA:56,0
DA:59,1
DA:63,2
LF:27
LH:20
BRDA:2,0,0,0
BRDA:6,1,0,1
BRDA:9,2,0,1
BRDA:9,2,1,4
BRDA:13,3,0,3
BRDA:13,3,1,2
BRDA:18,4,0,2
BRDA:18,4,1,3
BRDA:22,5,0,1
BRDA:22,5,1,4
BRDA:31,6,0,2
BRDA:31,6,1,1
BRDA:41,7,0,0
BRDA:41,7,1,1
BRDA:41,7,2,0
BRDA:41,7,3,0
BRDA:49,8,0,0
BRDA:49,8,1,0
BRF:18
BRH:12
end_of_record
TN:
SF:it-courses\server\services\coursesApiClient.js
FN:4,(anonymous_0)
FN:12,(anonymous_1)
FN:17,(anonymous_2)
FNF:3
FNH:3
FNDA:7,(anonymous_0)
FNDA:3,(anonymous_1)
FNDA:4,(anonymous_2)
DA:1,4
DA:5,7
DA:13,3
DA:14,3
DA:18,4
DA:19,3
DA:23,4
LF:7
LH:7
BRDA:4,0,0,0
BRDA:4,1,0,0
BRDA:4,1,1,0
BRF:3
BRH:0
end_of_record
TN:
SF:it-courses\tests\fixtures\courses.js
FNF:0
FNH:0
DA:1,5
DA:43,5
LF:2
LH:2
BRF:0
BRH:0
end_of_record
TN:
SF:it-courses\tests\helpers\contractValidator.js
FN:9,loadSchema
FNF:1
FNH:1
FNDA:4,loadSchema
DA:1,2
DA:2,2
DA:3,2
DA:4,2
DA:6,2
DA:7,2
DA:10,4
DA:18,4
DA:19,4
DA:22,2
LF:10
LH:10
BRF:0
BRH:0
end_of_record
